[2023-10-01T16:02:07.664+0000] {taskinstance.py:1103} INFO - Dependencies all met for dep_context=non-requeueable deps ti=<TaskInstance: Load-Green-Taxi-Data-Web-To-GCS-To-BQ.load_gcs_to_bigquery scheduled__2019-03-02T06:00:00+00:00 [queued]>
[2023-10-01T16:02:10.875+0000] {taskinstance.py:1103} INFO - Dependencies all met for dep_context=requeueable deps ti=<TaskInstance: Load-Green-Taxi-Data-Web-To-GCS-To-BQ.load_gcs_to_bigquery scheduled__2019-03-02T06:00:00+00:00 [queued]>
[2023-10-01T16:02:10.875+0000] {taskinstance.py:1308} INFO - Starting attempt 1 of 3
[2023-10-01T16:02:12.362+0000] {taskinstance.py:1327} INFO - Executing <Task(GCSToBigQueryOperator): load_gcs_to_bigquery> on 2019-03-02 06:00:00+00:00
[2023-10-01T16:02:12.370+0000] {standard_task_runner.py:57} INFO - Started process 858 to run task
[2023-10-01T16:02:12.374+0000] {standard_task_runner.py:84} INFO - Running: ['***', 'tasks', 'run', 'Load-Green-Taxi-Data-Web-To-GCS-To-BQ', 'load_gcs_to_bigquery', 'scheduled__2019-03-02T06:00:00+00:00', '--job-id', '575', '--raw', '--subdir', 'DAGS_FOLDER/web_gcs_bq.py', '--cfg-path', '/tmp/tmpimivlq10']
[2023-10-01T16:02:12.376+0000] {standard_task_runner.py:85} INFO - Job 575: Subtask load_gcs_to_bigquery
[2023-10-01T16:02:14.543+0000] {task_command.py:410} INFO - Running <TaskInstance: Load-Green-Taxi-Data-Web-To-GCS-To-BQ.load_gcs_to_bigquery scheduled__2019-03-02T06:00:00+00:00 [running]> on host 772c7a5949f4
[2023-10-01T16:02:18.237+0000] {taskinstance.py:1547} INFO - Exporting env vars: AIRFLOW_CTX_DAG_EMAIL='' AIRFLOW_CTX_DAG_OWNER='***' AIRFLOW_CTX_DAG_ID='Load-Green-Taxi-Data-Web-To-GCS-To-BQ' AIRFLOW_CTX_TASK_ID='load_gcs_to_bigquery' AIRFLOW_CTX_EXECUTION_DATE='2019-03-02T06:00:00+00:00' AIRFLOW_CTX_TRY_NUMBER='1' AIRFLOW_CTX_DAG_RUN_ID='scheduled__2019-03-02T06:00:00+00:00'
[2023-10-01T16:02:18.238+0000] {crypto.py:83} WARNING - empty cryptography key - values will not be stored encrypted.
[2023-10-01T16:02:18.238+0000] {base.py:73} INFO - Using connection ID 'google_cloud_default' for task execution.
[2023-10-01T16:02:18.239+0000] {gcs_to_bigquery.py:373} INFO - Using existing BigQuery table for storing data...
[2023-10-01T16:02:20.699+0000] {bigquery.py:2326} INFO - Project is not included in destination_project_dataset_table: alt_data.green_alt_data_table; using project "nature-26092023"
[2023-10-01T16:02:20.699+0000] {gcs_to_bigquery.py:377} INFO - Executing: {'load': {'autodetect': True, 'createDisposition': 'CREATE_IF_NEEDED', 'destinationTable': {'projectId': 'nature-26092023', 'datasetId': 'alt_data', 'tableId': 'green_alt_data_table'}, 'sourceFormat': 'CSV', 'sourceUris': ['gs://practice18/green/green_tripdata_2019-03.csv.gz'], 'writeDisposition': 'WRITE_TRUNCATE', 'ignoreUnknownValues': False, 'skipLeadingRows': None, 'fieldDelimiter': ',', 'quote': None, 'allowQuotedNewlines': False, 'encoding': 'UTF-8'}}
[2023-10-01T16:02:20.700+0000] {bigquery.py:1592} INFO - Inserting job ***_Load_Green_Taxi_Data_Web_To_GCS_To_BQ_load_gcs_to_bigquery_2019_03_02T06_00_00_00_00_f626a56f6a5ac807df98cce29e07abee
[2023-10-01T16:02:35.349+0000] {taskinstance.py:1824} ERROR - Task failed with exception
Traceback (most recent call last):
  File "/home/airflow/.local/lib/python3.7/site-packages/airflow/providers/google/cloud/transfers/gcs_to_bigquery.py", line 436, in execute
    job.result(timeout=self.result_timeout, retry=self.result_retry)
  File "/home/airflow/.local/lib/python3.7/site-packages/google/cloud/bigquery/job/base.py", line 922, in result
    return super(_AsyncJob, self).result(timeout=timeout, **kwargs)
  File "/home/airflow/.local/lib/python3.7/site-packages/google/api_core/future/polling.py", line 261, in result
    raise self._exception
google.api_core.exceptions.NotFound: 404 Not found: URI gs://practice18/green/green_tripdata_2019-03.csv.gz
[2023-10-01T16:02:36.044+0000] {taskinstance.py:1350} INFO - Marking task as UP_FOR_RETRY. dag_id=Load-Green-Taxi-Data-Web-To-GCS-To-BQ, task_id=load_gcs_to_bigquery, execution_date=20190302T060000, start_date=20231001T160210, end_date=20231001T160236
[2023-10-01T16:02:37.066+0000] {standard_task_runner.py:109} ERROR - Failed to execute job 575 for task load_gcs_to_bigquery (404 Not found: URI gs://practice18/green/green_tripdata_2019-03.csv.gz; 858)
[2023-10-01T16:02:37.081+0000] {local_task_job_runner.py:225} INFO - Task exited with return code 1
[2023-10-01T16:02:37.136+0000] {taskinstance.py:2653} INFO - 0 downstream tasks scheduled from follow-on schedule check
[2023-10-01T17:33:13.502+0000] {taskinstance.py:1103} INFO - Dependencies all met for dep_context=non-requeueable deps ti=<TaskInstance: Load-Green-Taxi-Data-Web-To-GCS-To-BQ.load_gcs_to_bigquery scheduled__2019-03-02T06:00:00+00:00 [queued]>
[2023-10-01T17:33:13.623+0000] {taskinstance.py:1103} INFO - Dependencies all met for dep_context=requeueable deps ti=<TaskInstance: Load-Green-Taxi-Data-Web-To-GCS-To-BQ.load_gcs_to_bigquery scheduled__2019-03-02T06:00:00+00:00 [queued]>
[2023-10-01T17:33:13.623+0000] {taskinstance.py:1308} INFO - Starting attempt 1 of 3
[2023-10-01T17:33:13.867+0000] {taskinstance.py:1327} INFO - Executing <Task(GCSToBigQueryOperator): load_gcs_to_bigquery> on 2019-03-02 06:00:00+00:00
[2023-10-01T17:33:13.896+0000] {standard_task_runner.py:57} INFO - Started process 2335 to run task
[2023-10-01T17:33:13.901+0000] {standard_task_runner.py:84} INFO - Running: ['***', 'tasks', 'run', 'Load-Green-Taxi-Data-Web-To-GCS-To-BQ', 'load_gcs_to_bigquery', 'scheduled__2019-03-02T06:00:00+00:00', '--job-id', '604', '--raw', '--subdir', 'DAGS_FOLDER/web_gcs_bq.py', '--cfg-path', '/tmp/tmpg3exepu7']
[2023-10-01T17:33:13.904+0000] {standard_task_runner.py:85} INFO - Job 604: Subtask load_gcs_to_bigquery
[2023-10-01T17:33:14.296+0000] {task_command.py:410} INFO - Running <TaskInstance: Load-Green-Taxi-Data-Web-To-GCS-To-BQ.load_gcs_to_bigquery scheduled__2019-03-02T06:00:00+00:00 [running]> on host 772c7a5949f4
[2023-10-01T17:33:15.049+0000] {taskinstance.py:1547} INFO - Exporting env vars: AIRFLOW_CTX_DAG_EMAIL='' AIRFLOW_CTX_DAG_OWNER='***' AIRFLOW_CTX_DAG_ID='Load-Green-Taxi-Data-Web-To-GCS-To-BQ' AIRFLOW_CTX_TASK_ID='load_gcs_to_bigquery' AIRFLOW_CTX_EXECUTION_DATE='2019-03-02T06:00:00+00:00' AIRFLOW_CTX_TRY_NUMBER='1' AIRFLOW_CTX_DAG_RUN_ID='scheduled__2019-03-02T06:00:00+00:00'
[2023-10-01T17:33:15.051+0000] {crypto.py:83} WARNING - empty cryptography key - values will not be stored encrypted.
[2023-10-01T17:33:15.051+0000] {base.py:73} INFO - Using connection ID 'google_cloud_default' for task execution.
[2023-10-01T17:33:15.052+0000] {gcs_to_bigquery.py:373} INFO - Using existing BigQuery table for storing data...
[2023-10-01T17:33:15.130+0000] {bigquery.py:2326} INFO - Project is not included in destination_project_dataset_table: alt_data.green_alt_data_table; using project "nature-26092023"
[2023-10-01T17:33:15.131+0000] {gcs_to_bigquery.py:377} INFO - Executing: {'load': {'autodetect': True, 'createDisposition': 'CREATE_IF_NEEDED', 'destinationTable': {'projectId': 'nature-26092023', 'datasetId': 'alt_data', 'tableId': 'green_alt_data_table'}, 'sourceFormat': 'CSV', 'sourceUris': ['gs://practice18/green/green_tripdata_2019-03.csv'], 'writeDisposition': 'WRITE_TRUNCATE', 'ignoreUnknownValues': False, 'skipLeadingRows': None, 'fieldDelimiter': ',', 'quote': None, 'allowQuotedNewlines': False, 'encoding': 'UTF-8'}}
[2023-10-01T17:33:15.132+0000] {bigquery.py:1592} INFO - Inserting job ***_Load_Green_Taxi_Data_Web_To_GCS_To_BQ_load_gcs_to_bigquery_2019_03_02T06_00_00_00_00_6795d2be1c96f32b25915ffdbde472ae
[2023-10-01T17:33:34.938+0000] {taskinstance.py:1350} INFO - Marking task as SUCCESS. dag_id=Load-Green-Taxi-Data-Web-To-GCS-To-BQ, task_id=load_gcs_to_bigquery, execution_date=20190302T060000, start_date=20231001T173313, end_date=20231001T173334
[2023-10-01T17:33:35.114+0000] {local_task_job_runner.py:225} INFO - Task exited with return code 0
[2023-10-01T17:33:35.134+0000] {taskinstance.py:2653} INFO - 0 downstream tasks scheduled from follow-on schedule check
