[2023-10-01T15:42:35.942+0000] {taskinstance.py:1103} INFO - Dependencies all met for dep_context=non-requeueable deps ti=<TaskInstance: Load-Green-Taxi-Data-Web-To-GCS-To-BQ.download_to_gcs scheduled__2019-01-02T06:00:00+00:00 [queued]>
[2023-10-01T15:42:36.079+0000] {taskinstance.py:1103} INFO - Dependencies all met for dep_context=requeueable deps ti=<TaskInstance: Load-Green-Taxi-Data-Web-To-GCS-To-BQ.download_to_gcs scheduled__2019-01-02T06:00:00+00:00 [queued]>
[2023-10-01T15:42:36.079+0000] {taskinstance.py:1308} INFO - Starting attempt 1 of 3
[2023-10-01T15:42:36.330+0000] {taskinstance.py:1327} INFO - Executing <Task(WebToGCSHKOperator): download_to_gcs> on 2019-01-02 06:00:00+00:00
[2023-10-01T15:42:36.348+0000] {standard_task_runner.py:57} INFO - Started process 553 to run task
[2023-10-01T15:42:36.352+0000] {standard_task_runner.py:84} INFO - Running: ['***', 'tasks', 'run', 'Load-Green-Taxi-Data-Web-To-GCS-To-BQ', 'download_to_gcs', 'scheduled__2019-01-02T06:00:00+00:00', '--job-id', '566', '--raw', '--subdir', 'DAGS_FOLDER/web_gcs_bq.py', '--cfg-path', '/tmp/tmp2jrplk7q']
[2023-10-01T15:42:36.355+0000] {standard_task_runner.py:85} INFO - Job 566: Subtask download_to_gcs
[2023-10-01T15:42:36.515+0000] {task_command.py:410} INFO - Running <TaskInstance: Load-Green-Taxi-Data-Web-To-GCS-To-BQ.download_to_gcs scheduled__2019-01-02T06:00:00+00:00 [running]> on host 772c7a5949f4
[2023-10-01T15:42:37.318+0000] {taskinstance.py:1547} INFO - Exporting env vars: AIRFLOW_CTX_DAG_EMAIL='' AIRFLOW_CTX_DAG_OWNER='***' AIRFLOW_CTX_DAG_ID='Load-Green-Taxi-Data-Web-To-GCS-To-BQ' AIRFLOW_CTX_TASK_ID='download_to_gcs' AIRFLOW_CTX_EXECUTION_DATE='2019-01-02T06:00:00+00:00' AIRFLOW_CTX_TRY_NUMBER='1' AIRFLOW_CTX_DAG_RUN_ID='scheduled__2019-01-02T06:00:00+00:00'
[2023-10-01T15:42:37.476+0000] {crypto.py:83} WARNING - empty cryptography key - values will not be stored encrypted.
[2023-10-01T15:42:37.477+0000] {base.py:73} INFO - Using connection ID 'google_cloud_default' for task execution.
[2023-10-01T15:42:37.477+0000] {Web_To_GCS_Hook.py:67} INFO - Execute downloading of file from https://github.com/DataTalksClub/nyc-tlc-data/releases/download/green/green_tripdata_2019-01.csv.gz to gs://practice18//green_tripdata_2019-01.csv.gz
[2023-10-01T15:42:49.546+0000] {Web_To_GCS_Hook.py:79} INFO - File written to temporary directory: /tmp/tmpwrxym6qs/green_tripdata_2019-01.csv.gz
[2023-10-01T15:43:21.454+0000] {logging_mixin.py:150} INFO -    VendorID lpep_pickup_datetime  ... trip_type congestion_surcharge
0         2  2018-12-21 15:17:29  ...         1                  NaN
1         2  2019-01-01 00:10:16  ...         1                  NaN
2         2  2019-01-01 00:27:11  ...         1                  NaN
3         2  2019-01-01 00:46:20  ...         1                  NaN
4         2  2019-01-01 00:19:06  ...         1                  NaN

[5 rows x 20 columns]
[2023-10-01T15:43:31.888+0000] {Web_To_GCS_Hook.py:90} INFO - Parquet: green_tripdata_2019-01.csv
[2023-10-01T15:44:14.966+0000] {gcs.py:538} INFO - File /tmp/tmpwrxym6qs/green_tripdata_2019-01.csv uploaded to green/green_tripdata_2019-01.csv in practice18 bucket
[2023-10-01T15:44:14.966+0000] {Web_To_GCS_Hook.py:105} INFO - Loaded file from https://github.com/DataTalksClub/nyc-tlc-data/releases/download/green/green_tripdata_2019-01.csv.gz to gs://practice18//green/green_tripdata_2019-01.csv
[2023-10-01T15:44:15.264+0000] {taskinstance.py:1350} INFO - Marking task as SUCCESS. dag_id=Load-Green-Taxi-Data-Web-To-GCS-To-BQ, task_id=download_to_gcs, execution_date=20190102T060000, start_date=20231001T154236, end_date=20231001T154415
[2023-10-01T15:44:17.987+0000] {local_task_job_runner.py:225} INFO - Task exited with return code 0
[2023-10-01T15:44:18.147+0000] {taskinstance.py:2653} INFO - 1 downstream tasks scheduled from follow-on schedule check
[2023-10-01T17:22:37.849+0000] {taskinstance.py:1103} INFO - Dependencies all met for dep_context=non-requeueable deps ti=<TaskInstance: Load-Green-Taxi-Data-Web-To-GCS-To-BQ.download_to_gcs scheduled__2019-01-02T06:00:00+00:00 [queued]>
[2023-10-01T17:22:38.077+0000] {taskinstance.py:1103} INFO - Dependencies all met for dep_context=requeueable deps ti=<TaskInstance: Load-Green-Taxi-Data-Web-To-GCS-To-BQ.download_to_gcs scheduled__2019-01-02T06:00:00+00:00 [queued]>
[2023-10-01T17:22:38.077+0000] {taskinstance.py:1308} INFO - Starting attempt 1 of 3
[2023-10-01T17:22:38.333+0000] {taskinstance.py:1327} INFO - Executing <Task(WebToGCSHKOperator): download_to_gcs> on 2019-01-02 06:00:00+00:00
[2023-10-01T17:22:38.342+0000] {standard_task_runner.py:57} INFO - Started process 2179 to run task
[2023-10-01T17:22:38.345+0000] {standard_task_runner.py:84} INFO - Running: ['***', 'tasks', 'run', 'Load-Green-Taxi-Data-Web-To-GCS-To-BQ', 'download_to_gcs', 'scheduled__2019-01-02T06:00:00+00:00', '--job-id', '599', '--raw', '--subdir', 'DAGS_FOLDER/web_gcs_bq.py', '--cfg-path', '/tmp/tmpo8mrdegn']
[2023-10-01T17:22:38.348+0000] {standard_task_runner.py:85} INFO - Job 599: Subtask download_to_gcs
[2023-10-01T17:22:40.096+0000] {task_command.py:410} INFO - Running <TaskInstance: Load-Green-Taxi-Data-Web-To-GCS-To-BQ.download_to_gcs scheduled__2019-01-02T06:00:00+00:00 [running]> on host 772c7a5949f4
[2023-10-01T17:22:42.499+0000] {taskinstance.py:1547} INFO - Exporting env vars: AIRFLOW_CTX_DAG_EMAIL='' AIRFLOW_CTX_DAG_OWNER='***' AIRFLOW_CTX_DAG_ID='Load-Green-Taxi-Data-Web-To-GCS-To-BQ' AIRFLOW_CTX_TASK_ID='download_to_gcs' AIRFLOW_CTX_EXECUTION_DATE='2019-01-02T06:00:00+00:00' AIRFLOW_CTX_TRY_NUMBER='1' AIRFLOW_CTX_DAG_RUN_ID='scheduled__2019-01-02T06:00:00+00:00'
[2023-10-01T17:22:42.500+0000] {crypto.py:83} WARNING - empty cryptography key - values will not be stored encrypted.
[2023-10-01T17:22:42.501+0000] {base.py:73} INFO - Using connection ID 'google_cloud_default' for task execution.
[2023-10-01T17:22:42.501+0000] {Web_To_GCS_Hook.py:67} INFO - Execute downloading of file from https://github.com/DataTalksClub/nyc-tlc-data/releases/download/green/green_tripdata_2019-01.csv.gz to gs://practice18//green_tripdata_2019-01.csv.gz
[2023-10-01T17:22:50.640+0000] {Web_To_GCS_Hook.py:79} INFO - File written to temporary directory: /tmp/tmpdwoigmjq/green_tripdata_2019-01.csv.gz
[2023-10-01T17:23:09.916+0000] {logging_mixin.py:150} INFO -    VendorID lpep_pickup_datetime  ... trip_type congestion_surcharge
0         2  2018-12-21 15:17:29  ...         1                  NaN
1         2  2019-01-01 00:10:16  ...         1                  NaN
2         2  2019-01-01 00:27:11  ...         1                  NaN
3         2  2019-01-01 00:46:20  ...         1                  NaN
4         2  2019-01-01 00:19:06  ...         1                  NaN

[5 rows x 20 columns]
[2023-10-01T17:23:18.764+0000] {Web_To_GCS_Hook.py:90} INFO - Parquet: green_tripdata_2019-01.csv
[2023-10-01T17:23:53.565+0000] {gcs.py:538} INFO - File /tmp/tmpdwoigmjq/green_tripdata_2019-01.csv uploaded to green/green_tripdata_2019-01.csv in practice18 bucket
[2023-10-01T17:23:53.970+0000] {Web_To_GCS_Hook.py:105} INFO - Loaded file from https://github.com/DataTalksClub/nyc-tlc-data/releases/download/green/green_tripdata_2019-01.csv.gz to gs://practice18//green/green_tripdata_2019-01.csv
[2023-10-01T17:23:54.287+0000] {taskinstance.py:1350} INFO - Marking task as SUCCESS. dag_id=Load-Green-Taxi-Data-Web-To-GCS-To-BQ, task_id=download_to_gcs, execution_date=20190102T060000, start_date=20231001T172238, end_date=20231001T172354
[2023-10-01T17:23:55.171+0000] {local_task_job_runner.py:225} INFO - Task exited with return code 0
[2023-10-01T17:23:55.209+0000] {taskinstance.py:2653} INFO - 1 downstream tasks scheduled from follow-on schedule check
[2023-10-01T18:40:10.959+0000] {taskinstance.py:1103} INFO - Dependencies all met for dep_context=non-requeueable deps ti=<TaskInstance: Load-Green-Taxi-Data-Web-To-GCS-To-BQ.download_to_gcs scheduled__2019-01-02T06:00:00+00:00 [queued]>
[2023-10-01T18:40:10.999+0000] {taskinstance.py:1103} INFO - Dependencies all met for dep_context=requeueable deps ti=<TaskInstance: Load-Green-Taxi-Data-Web-To-GCS-To-BQ.download_to_gcs scheduled__2019-01-02T06:00:00+00:00 [queued]>
[2023-10-01T18:40:10.999+0000] {taskinstance.py:1308} INFO - Starting attempt 1 of 3
[2023-10-01T18:40:11.038+0000] {taskinstance.py:1327} INFO - Executing <Task(WebToGCSHKOperator): download_to_gcs> on 2019-01-02 06:00:00+00:00
[2023-10-01T18:40:11.047+0000] {standard_task_runner.py:57} INFO - Started process 3394 to run task
[2023-10-01T18:40:11.050+0000] {standard_task_runner.py:84} INFO - Running: ['***', 'tasks', 'run', 'Load-Green-Taxi-Data-Web-To-GCS-To-BQ', 'download_to_gcs', 'scheduled__2019-01-02T06:00:00+00:00', '--job-id', '622', '--raw', '--subdir', 'DAGS_FOLDER/web_gcs_bq.py', '--cfg-path', '/tmp/tmph7lx1jjh']
[2023-10-01T18:40:11.053+0000] {standard_task_runner.py:85} INFO - Job 622: Subtask download_to_gcs
[2023-10-01T18:40:11.119+0000] {task_command.py:410} INFO - Running <TaskInstance: Load-Green-Taxi-Data-Web-To-GCS-To-BQ.download_to_gcs scheduled__2019-01-02T06:00:00+00:00 [running]> on host 772c7a5949f4
[2023-10-01T18:40:11.943+0000] {taskinstance.py:1547} INFO - Exporting env vars: AIRFLOW_CTX_DAG_EMAIL='' AIRFLOW_CTX_DAG_OWNER='***' AIRFLOW_CTX_DAG_ID='Load-Green-Taxi-Data-Web-To-GCS-To-BQ' AIRFLOW_CTX_TASK_ID='download_to_gcs' AIRFLOW_CTX_EXECUTION_DATE='2019-01-02T06:00:00+00:00' AIRFLOW_CTX_TRY_NUMBER='1' AIRFLOW_CTX_DAG_RUN_ID='scheduled__2019-01-02T06:00:00+00:00'
[2023-10-01T18:40:11.945+0000] {crypto.py:83} WARNING - empty cryptography key - values will not be stored encrypted.
[2023-10-01T18:40:11.946+0000] {base.py:73} INFO - Using connection ID 'google_cloud_default' for task execution.
[2023-10-01T18:40:11.946+0000] {Web_To_GCS_Hook.py:67} INFO - Execute downloading of file from https://github.com/DataTalksClub/nyc-tlc-data/releases/download/green/green_tripdata_2019-01.csv.gz to gs://practice18//green_tripdata_2019-01.csv.gz
[2023-10-01T18:41:42.502+0000] {Web_To_GCS_Hook.py:79} INFO - File written to temporary directory: /tmp/tmptrhkr6yl/green_tripdata_2019-01.csv.gz
[2023-10-01T18:41:49.865+0000] {logging_mixin.py:150} INFO -    VendorID lpep_pickup_datetime  ... trip_type congestion_surcharge
0         2  2018-12-21 15:17:29  ...         1                  NaN
1         2  2019-01-01 00:10:16  ...         1                  NaN
2         2  2019-01-01 00:27:11  ...         1                  NaN
3         2  2019-01-01 00:46:20  ...         1                  NaN
4         2  2019-01-01 00:19:06  ...         1                  NaN

[5 rows x 20 columns]
[2023-10-01T18:41:54.980+0000] {Web_To_GCS_Hook.py:90} INFO - Parquet: green_tripdata_2019-01.csv
[2023-10-01T18:42:33.358+0000] {gcs.py:538} INFO - File /tmp/tmptrhkr6yl/green_tripdata_2019-01.csv uploaded to green/green_tripdata_2019-01.csv in practice18 bucket
[2023-10-01T18:42:33.358+0000] {Web_To_GCS_Hook.py:105} INFO - Loaded file from https://github.com/DataTalksClub/nyc-tlc-data/releases/download/green/green_tripdata_2019-01.csv.gz to gs://practice18//green/green_tripdata_2019-01.csv
[2023-10-01T18:42:33.411+0000] {taskinstance.py:1350} INFO - Marking task as SUCCESS. dag_id=Load-Green-Taxi-Data-Web-To-GCS-To-BQ, task_id=download_to_gcs, execution_date=20190102T060000, start_date=20231001T184010, end_date=20231001T184233
[2023-10-01T18:42:33.482+0000] {local_task_job_runner.py:225} INFO - Task exited with return code 0
[2023-10-01T18:42:33.543+0000] {taskinstance.py:2653} INFO - 1 downstream tasks scheduled from follow-on schedule check
[2023-10-01T19:07:51.437+0000] {taskinstance.py:1103} INFO - Dependencies all met for dep_context=non-requeueable deps ti=<TaskInstance: Load-Green-Taxi-Data-Web-To-GCS-To-BQ.download_to_gcs scheduled__2019-01-02T06:00:00+00:00 [queued]>
[2023-10-01T19:07:51.489+0000] {taskinstance.py:1103} INFO - Dependencies all met for dep_context=requeueable deps ti=<TaskInstance: Load-Green-Taxi-Data-Web-To-GCS-To-BQ.download_to_gcs scheduled__2019-01-02T06:00:00+00:00 [queued]>
[2023-10-01T19:07:51.489+0000] {taskinstance.py:1308} INFO - Starting attempt 1 of 3
[2023-10-01T19:07:51.528+0000] {taskinstance.py:1327} INFO - Executing <Task(WebToGCSHKOperator): download_to_gcs> on 2019-01-02 06:00:00+00:00
[2023-10-01T19:07:51.540+0000] {standard_task_runner.py:57} INFO - Started process 3878 to run task
[2023-10-01T19:07:51.546+0000] {standard_task_runner.py:84} INFO - Running: ['***', 'tasks', 'run', 'Load-Green-Taxi-Data-Web-To-GCS-To-BQ', 'download_to_gcs', 'scheduled__2019-01-02T06:00:00+00:00', '--job-id', '626', '--raw', '--subdir', 'DAGS_FOLDER/web_gcs_bq.py', '--cfg-path', '/tmp/tmptezisp67']
[2023-10-01T19:07:51.549+0000] {standard_task_runner.py:85} INFO - Job 626: Subtask download_to_gcs
[2023-10-01T19:07:51.605+0000] {task_command.py:410} INFO - Running <TaskInstance: Load-Green-Taxi-Data-Web-To-GCS-To-BQ.download_to_gcs scheduled__2019-01-02T06:00:00+00:00 [running]> on host 772c7a5949f4
[2023-10-01T19:07:51.845+0000] {taskinstance.py:1547} INFO - Exporting env vars: AIRFLOW_CTX_DAG_EMAIL='' AIRFLOW_CTX_DAG_OWNER='***' AIRFLOW_CTX_DAG_ID='Load-Green-Taxi-Data-Web-To-GCS-To-BQ' AIRFLOW_CTX_TASK_ID='download_to_gcs' AIRFLOW_CTX_EXECUTION_DATE='2019-01-02T06:00:00+00:00' AIRFLOW_CTX_TRY_NUMBER='1' AIRFLOW_CTX_DAG_RUN_ID='scheduled__2019-01-02T06:00:00+00:00'
[2023-10-01T19:07:51.848+0000] {crypto.py:83} WARNING - empty cryptography key - values will not be stored encrypted.
[2023-10-01T19:07:51.848+0000] {base.py:73} INFO - Using connection ID 'google_cloud_default' for task execution.
[2023-10-01T19:07:51.849+0000] {Web_To_GCS_Hook.py:67} INFO - Execute downloading of file from https://github.com/DataTalksClub/nyc-tlc-data/releases/download/green/green_tripdata_2019-01.csv.gz to gs://practice18//green_tripdata_2019-01.csv.gz
[2023-10-01T19:14:35.366+0000] {Web_To_GCS_Hook.py:79} INFO - File written to temporary directory: /tmp/tmp0npso54b/green_tripdata_2019-01.csv.gz
[2023-10-01T19:14:42.819+0000] {logging_mixin.py:150} INFO -    VendorID lpep_pickup_datetime  ... trip_type congestion_surcharge
0         2  2018-12-21 15:17:29  ...         1                  NaN
1         2  2019-01-01 00:10:16  ...         1                  NaN
2         2  2019-01-01 00:27:11  ...         1                  NaN
3         2  2019-01-01 00:46:20  ...         1                  NaN
4         2  2019-01-01 00:19:06  ...         1                  NaN

[5 rows x 20 columns]
[2023-10-01T19:14:42.819+0000] {logging_mixin.py:150} INFO - (630918, 20)
[2023-10-01T19:14:48.014+0000] {Web_To_GCS_Hook.py:90} INFO - Parquet: green_tripdata_2019-01.csv
[2023-10-01T19:15:36.498+0000] {gcs.py:538} INFO - File /tmp/tmp0npso54b/green_tripdata_2019-01.csv uploaded to green/green_tripdata_2019-01.csv in practice18 bucket
[2023-10-01T19:15:36.498+0000] {Web_To_GCS_Hook.py:105} INFO - Loaded file from https://github.com/DataTalksClub/nyc-tlc-data/releases/download/green/green_tripdata_2019-01.csv.gz to gs://practice18//green/green_tripdata_2019-01.csv
[2023-10-01T19:15:38.207+0000] {taskinstance.py:1350} INFO - Marking task as SUCCESS. dag_id=Load-Green-Taxi-Data-Web-To-GCS-To-BQ, task_id=download_to_gcs, execution_date=20190102T060000, start_date=20231001T190751, end_date=20231001T191538
[2023-10-01T19:15:38.585+0000] {local_task_job_runner.py:225} INFO - Task exited with return code 0
[2023-10-01T19:15:38.623+0000] {taskinstance.py:2653} INFO - 1 downstream tasks scheduled from follow-on schedule check
