[2023-10-01T16:47:42.844+0000] {taskinstance.py:1103} INFO - Dependencies all met for dep_context=non-requeueable deps ti=<TaskInstance: Load-Green-Taxi-Data-Web-To-GCS-To-BQ.download_to_gcs scheduled__2019-01-02T06:00:00+00:00 [queued]>
[2023-10-01T16:47:42.880+0000] {taskinstance.py:1103} INFO - Dependencies all met for dep_context=requeueable deps ti=<TaskInstance: Load-Green-Taxi-Data-Web-To-GCS-To-BQ.download_to_gcs scheduled__2019-01-02T06:00:00+00:00 [queued]>
[2023-10-01T16:47:42.880+0000] {taskinstance.py:1308} INFO - Starting attempt 3 of 3
[2023-10-01T16:47:43.740+0000] {taskinstance.py:1327} INFO - Executing <Task(WebToGCSHKOperator): download_to_gcs> on 2019-01-02 06:00:00+00:00
[2023-10-01T16:47:43.751+0000] {standard_task_runner.py:57} INFO - Started process 1551 to run task
[2023-10-01T16:47:43.755+0000] {standard_task_runner.py:84} INFO - Running: ['***', 'tasks', 'run', 'Load-Green-Taxi-Data-Web-To-GCS-To-BQ', 'download_to_gcs', 'scheduled__2019-01-02T06:00:00+00:00', '--job-id', '577', '--raw', '--subdir', 'DAGS_FOLDER/web_gcs_bq.py', '--cfg-path', '/tmp/tmpljbia5ol']
[2023-10-01T16:47:43.757+0000] {standard_task_runner.py:85} INFO - Job 577: Subtask download_to_gcs
[2023-10-01T16:47:44.231+0000] {task_command.py:410} INFO - Running <TaskInstance: Load-Green-Taxi-Data-Web-To-GCS-To-BQ.download_to_gcs scheduled__2019-01-02T06:00:00+00:00 [running]> on host 772c7a5949f4
[2023-10-01T16:47:45.046+0000] {taskinstance.py:1547} INFO - Exporting env vars: AIRFLOW_CTX_DAG_EMAIL='' AIRFLOW_CTX_DAG_OWNER='***' AIRFLOW_CTX_DAG_ID='Load-Green-Taxi-Data-Web-To-GCS-To-BQ' AIRFLOW_CTX_TASK_ID='download_to_gcs' AIRFLOW_CTX_EXECUTION_DATE='2019-01-02T06:00:00+00:00' AIRFLOW_CTX_TRY_NUMBER='3' AIRFLOW_CTX_DAG_RUN_ID='scheduled__2019-01-02T06:00:00+00:00'
[2023-10-01T16:47:45.095+0000] {crypto.py:83} WARNING - empty cryptography key - values will not be stored encrypted.
[2023-10-01T16:47:45.095+0000] {base.py:73} INFO - Using connection ID 'google_cloud_default' for task execution.
[2023-10-01T16:47:45.096+0000] {Web_To_GCS_Hook.py:67} INFO - Execute downloading of file from https://github.com/DataTalksClub/nyc-tlc-data/releases/download/green/green_tripdata_2019-01.csv.gz to gs://practice18//green_tripdata_2019-01.csv.gz
[2023-10-01T16:47:53.581+0000] {Web_To_GCS_Hook.py:79} INFO - File written to temporary directory: /tmp/tmp805mt3ad/green_tripdata_2019-01.csv.gz
[2023-10-01T16:48:06.781+0000] {logging_mixin.py:150} INFO -    VendorID lpep_pickup_datetime  ... trip_type congestion_surcharge
0         2  2018-12-21 15:17:29  ...         1                  NaN
1         2  2019-01-01 00:10:16  ...         1                  NaN
2         2  2019-01-01 00:27:11  ...         1                  NaN
3         2  2019-01-01 00:46:20  ...         1                  NaN
4         2  2019-01-01 00:19:06  ...         1                  NaN

[5 rows x 20 columns]
[2023-10-01T16:48:15.582+0000] {Web_To_GCS_Hook.py:90} INFO - Parquet: green_tripdata_2019-01.csv
[2023-10-01T16:48:40.456+0000] {gcs.py:538} INFO - File /tmp/tmp805mt3ad/green_tripdata_2019-01.csv uploaded to green/green_tripdata_2019-01.csv in practice18 bucket
[2023-10-01T16:48:40.457+0000] {Web_To_GCS_Hook.py:105} INFO - Loaded file from https://github.com/DataTalksClub/nyc-tlc-data/releases/download/green/green_tripdata_2019-01.csv.gz to gs://practice18//green/green_tripdata_2019-01.csv
[2023-10-01T16:48:40.664+0000] {taskinstance.py:1350} INFO - Marking task as SUCCESS. dag_id=Load-Green-Taxi-Data-Web-To-GCS-To-BQ, task_id=download_to_gcs, execution_date=20190102T060000, start_date=20231001T164742, end_date=20231001T164840
[2023-10-01T16:48:42.504+0000] {local_task_job_runner.py:225} INFO - Task exited with return code 0
[2023-10-01T16:48:42.550+0000] {taskinstance.py:2653} INFO - 1 downstream tasks scheduled from follow-on schedule check
