[2023-10-01T18:08:54.637+0000] {taskinstance.py:1103} INFO - Dependencies all met for dep_context=non-requeueable deps ti=<TaskInstance: Load-Green-Taxi-Data-Web-To-GCS-To-BQ.download_to_gcs scheduled__2019-08-02T06:00:00+00:00 [queued]>
[2023-10-01T18:08:54.649+0000] {taskinstance.py:1103} INFO - Dependencies all met for dep_context=requeueable deps ti=<TaskInstance: Load-Green-Taxi-Data-Web-To-GCS-To-BQ.download_to_gcs scheduled__2019-08-02T06:00:00+00:00 [queued]>
[2023-10-01T18:08:54.649+0000] {taskinstance.py:1308} INFO - Starting attempt 1 of 3
[2023-10-01T18:08:54.668+0000] {taskinstance.py:1327} INFO - Executing <Task(WebToGCSHKOperator): download_to_gcs> on 2019-08-02 06:00:00+00:00
[2023-10-01T18:08:54.677+0000] {standard_task_runner.py:57} INFO - Started process 2891 to run task
[2023-10-01T18:08:54.680+0000] {standard_task_runner.py:84} INFO - Running: ['***', 'tasks', 'run', 'Load-Green-Taxi-Data-Web-To-GCS-To-BQ', 'download_to_gcs', 'scheduled__2019-08-02T06:00:00+00:00', '--job-id', '616', '--raw', '--subdir', 'DAGS_FOLDER/web_gcs_bq.py', '--cfg-path', '/tmp/tmpolf1dgcy']
[2023-10-01T18:08:54.682+0000] {standard_task_runner.py:85} INFO - Job 616: Subtask download_to_gcs
[2023-10-01T18:08:54.749+0000] {task_command.py:410} INFO - Running <TaskInstance: Load-Green-Taxi-Data-Web-To-GCS-To-BQ.download_to_gcs scheduled__2019-08-02T06:00:00+00:00 [running]> on host 772c7a5949f4
[2023-10-01T18:08:54.881+0000] {taskinstance.py:1547} INFO - Exporting env vars: AIRFLOW_CTX_DAG_EMAIL='' AIRFLOW_CTX_DAG_OWNER='***' AIRFLOW_CTX_DAG_ID='Load-Green-Taxi-Data-Web-To-GCS-To-BQ' AIRFLOW_CTX_TASK_ID='download_to_gcs' AIRFLOW_CTX_EXECUTION_DATE='2019-08-02T06:00:00+00:00' AIRFLOW_CTX_TRY_NUMBER='1' AIRFLOW_CTX_DAG_RUN_ID='scheduled__2019-08-02T06:00:00+00:00'
[2023-10-01T18:08:54.882+0000] {crypto.py:83} WARNING - empty cryptography key - values will not be stored encrypted.
[2023-10-01T18:08:54.883+0000] {base.py:73} INFO - Using connection ID 'google_cloud_default' for task execution.
[2023-10-01T18:08:54.883+0000] {Web_To_GCS_Hook.py:67} INFO - Execute downloading of file from https://github.com/DataTalksClub/nyc-tlc-data/releases/download/green/green_tripdata_2019-08.csv.gz to gs://practice18//green_tripdata_2019-08.csv.gz
[2023-10-01T18:09:04.597+0000] {Web_To_GCS_Hook.py:79} INFO - File written to temporary directory: /tmp/tmprrqb474h/green_tripdata_2019-08.csv.gz
[2023-10-01T18:09:05.739+0000] {warnings.py:110} WARNING - /opt/***/plugins/web/operators/Web_To_GCS_Hook.py:58: DtypeWarning: Columns (3) have mixed types.Specify dtype option on import or set low_memory=False.
  self._copy_file_object(gcs_hook)

[2023-10-01T18:09:05.881+0000] {logging_mixin.py:150} INFO -    VendorID lpep_pickup_datetime  ... trip_type congestion_surcharge
0       2.0  2019-08-01 00:22:12  ...       1.0                 0.00
1       2.0  2019-08-01 00:11:35  ...       1.0                 0.00
2       2.0  2019-08-01 00:56:09  ...       1.0                 2.75
3       2.0  2019-07-31 23:59:42  ...       1.0                 0.00
4       1.0  2019-08-01 00:20:34  ...       1.0                 2.75

[5 rows x 20 columns]
[2023-10-01T18:09:10.501+0000] {Web_To_GCS_Hook.py:90} INFO - Parquet: green_tripdata_2019-08.csv
[2023-10-01T18:09:51.043+0000] {gcs.py:538} INFO - File /tmp/tmprrqb474h/green_tripdata_2019-08.csv uploaded to green/green_tripdata_2019-08.csv in practice18 bucket
[2023-10-01T18:09:51.043+0000] {Web_To_GCS_Hook.py:105} INFO - Loaded file from https://github.com/DataTalksClub/nyc-tlc-data/releases/download/green/green_tripdata_2019-08.csv.gz to gs://practice18//green/green_tripdata_2019-08.csv
[2023-10-01T18:09:51.102+0000] {taskinstance.py:1350} INFO - Marking task as SUCCESS. dag_id=Load-Green-Taxi-Data-Web-To-GCS-To-BQ, task_id=download_to_gcs, execution_date=20190802T060000, start_date=20231001T180854, end_date=20231001T180951
[2023-10-01T18:09:51.173+0000] {local_task_job_runner.py:225} INFO - Task exited with return code 0
[2023-10-01T18:09:51.203+0000] {taskinstance.py:2653} INFO - 1 downstream tasks scheduled from follow-on schedule check
